Using launch settings from Properties\launchSettings.json...
Building...
C:\Users\rodne\Src\route4-movieplug\Services\Discord\RealDiscordBotService.cs(66,106): warning CS8602: Dereference of a possibly null reference. [C:\Users\rodne\Src\route4-movieplug\Route4MoviePlug.Api.csproj]
C:\Users\rodne\Src\route4-movieplug\Services\Discord\DiscordBotService.cs(61,13): warning CS8604: Possible null reference argument for parameter 'logger' in 'void LoggerExtensions.LogError(ILogger logger, string? message, params object?[] args)'. [C:\Users\rodne\Src\route4-movieplug\Route4MoviePlug.Api.csproj]
C:\Users\rodne\Src\route4-movieplug\Services\Discord\RealDiscordBotService.cs(81,31): warning CS1998: This async method lacks 'await' operators and will run synchronously. Consider using the 'await' operator to await non-blocking API calls, or 'await Task.Run(...)' to do CPU-bound work on a background thread. [C:\Users\rodne\Src\route4-movieplug\Route4MoviePlug.Api.csproj]
C:\Users\rodne\Src\route4-movieplug\Services\Discord\DiscordBotService.cs(74,13): warning CS8604: Possible null reference argument for parameter 'logger' in 'void LoggerExtensions.LogInformation(ILogger logger, string? message, params object?[] args)'. [C:\Users\rodne\Src\route4-movieplug\Route4MoviePlug.Api.csproj]
C:\Users\rodne\Src\route4-movieplug\Services\Discord\DiscordBotService.cs(82,13): warning CS8604: Possible null reference argument for parameter 'logger' in 'void LoggerExtensions.LogError(ILogger logger, string? message, params object?[] args)'. [C:\Users\rodne\Src\route4-movieplug\Route4MoviePlug.Api.csproj]
C:\Users\rodne\Src\route4-movieplug\Services\Discord\DiscordBotService.cs(66,31): warning CS1998: This async method lacks 'await' operators and will run synchronously. Consider using the 'await' operator to await non-blocking API calls, or 'await Task.Run(...)' to do CPU-bound work on a background thread. [C:\Users\rodne\Src\route4-movieplug\Route4MoviePlug.Api.csproj]
C:\Users\rodne\Src\route4-movieplug\Services\Discord\DiscordBotService.cs(91,13): warning CS8604: Possible null reference argument for parameter 'logger' in 'void LoggerExtensions.LogInformation(ILogger logger, string? message, params object?[] args)'. [C:\Users\rodne\Src\route4-movieplug\Route4MoviePlug.Api.csproj]
C:\Users\rodne\Src\route4-movieplug\Services\Discord\DiscordBotService.cs(130,13): warning CS8604: Possible null reference argument for parameter 'logger' in 'void LoggerExtensions.LogError(ILogger logger, string? message, params object?[] args)'. [C:\Users\rodne\Src\route4-movieplug\Route4MoviePlug.Api.csproj]
C:\Users\rodne\Src\route4-movieplug\Services\Discord\DiscordBotService.cs(87,45): warning CS1998: This async method lacks 'await' operators and will run synchronously. Consider using the 'await' operator to await non-blocking API calls, or 'await Task.Run(...)' to do CPU-bound work on a background thread. [C:\Users\rodne\Src\route4-movieplug\Route4MoviePlug.Api.csproj]
C:\Users\rodne\Src\route4-movieplug\Services\Discord\DiscordBotService.cs(143,13): warning CS8604: Possible null reference argument for parameter 'logger' in 'void LoggerExtensions.LogInformation(ILogger logger, string? message, params object?[] args)'. [C:\Users\rodne\Src\route4-movieplug\Route4MoviePlug.Api.csproj]
C:\Users\rodne\Src\route4-movieplug\Services\Discord\DiscordBotService.cs(168,13): warning CS8604: Possible null reference argument for parameter 'logger' in 'void LoggerExtensions.LogError(ILogger logger, string? message, params object?[] args)'. [C:\Users\rodne\Src\route4-movieplug\Route4MoviePlug.Api.csproj]
C:\Users\rodne\Src\route4-movieplug\Services\Discord\DiscordBotService.cs(139,42): warning CS1998: This async method lacks 'await' operators and will run synchronously. Consider using the 'await' operator to await non-blocking API calls, or 'await Task.Run(...)' to do CPU-bound work on a background thread. [C:\Users\rodne\Src\route4-movieplug\Route4MoviePlug.Api.csproj]
C:\Users\rodne\Src\route4-movieplug\Services\Discord\DiscordBotService.cs(181,13): warning CS8604: Possible null reference argument for parameter 'logger' in 'void LoggerExtensions.LogInformation(ILogger logger, string? message, params object?[] args)'. [C:\Users\rodne\Src\route4-movieplug\Route4MoviePlug.Api.csproj]
C:\Users\rodne\Src\route4-movieplug\Services\Discord\DiscordBotService.cs(193,13): warning CS8604: Possible null reference argument for parameter 'logger' in 'void LoggerExtensions.LogError(ILogger logger, string? message, params object?[] args)'. [C:\Users\rodne\Src\route4-movieplug\Route4MoviePlug.Api.csproj]
C:\Users\rodne\Src\route4-movieplug\Services\Discord\DiscordBotService.cs(202,13): warning CS8604: Possible null reference argument for parameter 'logger' in 'void LoggerExtensions.LogInformation(ILogger logger, string? message, params object?[] args)'. [C:\Users\rodne\Src\route4-movieplug\Route4MoviePlug.Api.csproj]
C:\Users\rodne\Src\route4-movieplug\Services\Discord\DiscordBotService.cs(213,13): warning CS8604: Possible null reference argument for parameter 'logger' in 'void LoggerExtensions.LogError(ILogger logger, string? message, params object?[] args)'. [C:\Users\rodne\Src\route4-movieplug\Route4MoviePlug.Api.csproj]
C:\Users\rodne\Src\route4-movieplug\Services\Discord\DiscordBotService.cs(222,13): warning CS8604: Possible null reference argument for parameter 'logger' in 'void LoggerExtensions.LogInformation(ILogger logger, string? message, params object?[] args)'. [C:\Users\rodne\Src\route4-movieplug\Route4MoviePlug.Api.csproj]
C:\Users\rodne\Src\route4-movieplug\Services\Discord\DiscordBotService.cs(235,13): warning CS8604: Possible null reference argument for parameter 'logger' in 'void LoggerExtensions.LogError(ILogger logger, string? message, params object?[] args)'. [C:\Users\rodne\Src\route4-movieplug\Route4MoviePlug.Api.csproj]
C:\Users\rodne\Src\route4-movieplug\Services\Discord\DiscordBotService.cs(244,13): warning CS8604: Possible null reference argument for parameter 'logger' in 'void LoggerExtensions.LogInformation(ILogger logger, string? message, params object?[] args)'. [C:\Users\rodne\Src\route4-movieplug\Route4MoviePlug.Api.csproj]
C:\Users\rodne\Src\route4-movieplug\Services\Discord\DiscordBotService.cs(255,13): warning CS8604: Possible null reference argument for parameter 'logger' in 'void LoggerExtensions.LogError(ILogger logger, string? message, params object?[] args)'. [C:\Users\rodne\Src\route4-movieplug\Route4MoviePlug.Api.csproj]
C:\Users\rodne\Src\route4-movieplug\Services\Discord\DiscordBotService.cs(264,13): warning CS8604: Possible null reference argument for parameter 'logger' in 'void LoggerExtensions.LogInformation(ILogger logger, string? message, params object?[] args)'. [C:\Users\rodne\Src\route4-movieplug\Route4MoviePlug.Api.csproj]
C:\Users\rodne\Src\route4-movieplug\Services\Discord\DiscordBotService.cs(275,13): warning CS8604: Possible null reference argument for parameter 'logger' in 'void LoggerExtensions.LogError(ILogger logger, string? message, params object?[] args)'. [C:\Users\rodne\Src\route4-movieplug\Route4MoviePlug.Api.csproj]
C:\Users\rodne\Src\route4-movieplug\Services\Discord\DiscordBotService.cs(284,13): warning CS8604: Possible null reference argument for parameter 'logger' in 'void LoggerExtensions.LogInformation(ILogger logger, string? message, params object?[] args)'. [C:\Users\rodne\Src\route4-movieplug\Route4MoviePlug.Api.csproj]
C:\Users\rodne\Src\route4-movieplug\Services\Discord\DiscordBotService.cs(296,13): warning CS8604: Possible null reference argument for parameter 'logger' in 'void LoggerExtensions.LogError(ILogger logger, string? message, params object?[] args)'. [C:\Users\rodne\Src\route4-movieplug\Route4MoviePlug.Api.csproj]
C:\Users\rodne\Src\route4-movieplug\Services\Discord\DiscordBotService.cs(305,13): warning CS8604: Possible null reference argument for parameter 'logger' in 'void LoggerExtensions.LogInformation(ILogger logger, string? message, params object?[] args)'. [C:\Users\rodne\Src\route4-movieplug\Route4MoviePlug.Api.csproj]
C:\Users\rodne\Src\route4-movieplug\Services\Discord\DiscordBotService.cs(314,13): warning CS8604: Possible null reference argument for parameter 'logger' in 'void LoggerExtensions.LogError(ILogger logger, string? message, params object?[] args)'. [C:\Users\rodne\Src\route4-movieplug\Route4MoviePlug.Api.csproj]
C:\Users\rodne\Src\route4-movieplug\Services\Discord\DiscordBotService.cs(323,13): warning CS8604: Possible null reference argument for parameter 'logger' in 'void LoggerExtensions.LogInformation(ILogger logger, string? message, params object?[] args)'. [C:\Users\rodne\Src\route4-movieplug\Route4MoviePlug.Api.csproj]
C:\Users\rodne\Src\route4-movieplug\Services\Discord\DiscordBotService.cs(339,13): warning CS8604: Possible null reference argument for parameter 'logger' in 'void LoggerExtensions.LogError(ILogger logger, string? message, params object?[] args)'. [C:\Users\rodne\Src\route4-movieplug\Route4MoviePlug.Api.csproj]
C:\Users\rodne\Src\route4-movieplug\Services\Discord\DiscordBotService.cs(348,13): warning CS8604: Possible null reference argument for parameter 'logger' in 'void LoggerExtensions.LogInformation(ILogger logger, string? message, params object?[] args)'. [C:\Users\rodne\Src\route4-movieplug\Route4MoviePlug.Api.csproj]
C:\Users\rodne\Src\route4-movieplug\Services\Discord\DiscordBotService.cs(355,13): warning CS8604: Possible null reference argument for parameter 'logger' in 'void LoggerExtensions.LogError(ILogger logger, string? message, params object?[] args)'. [C:\Users\rodne\Src\route4-movieplug\Route4MoviePlug.Api.csproj]
C:\Users\rodne\Src\route4-movieplug\Services\Discord\DiscordBotService.cs(364,13): warning CS8604: Possible null reference argument for parameter 'logger' in 'void LoggerExtensions.LogInformation(ILogger logger, string? message, params object?[] args)'. [C:\Users\rodne\Src\route4-movieplug\Route4MoviePlug.Api.csproj]
C:\Users\rodne\Src\route4-movieplug\Services\Discord\DiscordBotService.cs(377,13): warning CS8604: Possible null reference argument for parameter 'logger' in 'void LoggerExtensions.LogError(ILogger logger, string? message, params object?[] args)'. [C:\Users\rodne\Src\route4-movieplug\Route4MoviePlug.Api.csproj]
C:\Users\rodne\Src\route4-movieplug\Services\Discord\DiscordBotService.cs(386,13): warning CS8604: Possible null reference argument for parameter 'logger' in 'void LoggerExtensions.LogInformation(ILogger logger, string? message, params object?[] args)'. [C:\Users\rodne\Src\route4-movieplug\Route4MoviePlug.Api.csproj]
C:\Users\rodne\Src\route4-movieplug\Services\Discord\DiscordBotService.cs(397,13): warning CS8604: Possible null reference argument for parameter 'logger' in 'void LoggerExtensions.LogError(ILogger logger, string? message, params object?[] args)'. [C:\Users\rodne\Src\route4-movieplug\Route4MoviePlug.Api.csproj]
C:\Users\rodne\Src\route4-movieplug\Controllers\Route4DiscordAdminController.cs(247,36): warning CS8602: Dereference of a possibly null reference. [C:\Users\rodne\Src\route4-movieplug\Route4MoviePlug.Api.csproj]
C:\Users\rodne\Src\route4-movieplug\Controllers\Route4DiscordAdminController.cs(249,36): warning CS8602: Dereference of a possibly null reference. [C:\Users\rodne\Src\route4-movieplug\Route4MoviePlug.Api.csproj]
C:\Users\rodne\Src\route4-movieplug\Controllers\Route4DiscordAdminController.cs(284,36): warning CS8602: Dereference of a possibly null reference. [C:\Users\rodne\Src\route4-movieplug\Route4MoviePlug.Api.csproj]
C:\Users\rodne\Src\route4-movieplug\Controllers\Route4DiscordAdminController.cs(286,36): warning CS8602: Dereference of a possibly null reference. [C:\Users\rodne\Src\route4-movieplug\Route4MoviePlug.Api.csproj]
info: Microsoft.EntityFrameworkCore.Update[30100]
      Saved 25 entities to in-memory store.
info: Microsoft.Hosting.Lifetime[14]
      Now listening on: http://localhost:5158
info: Microsoft.Hosting.Lifetime[0]
      Application started. Press Ctrl+C to shut down.
info: Microsoft.Hosting.Lifetime[0]
      Hosting environment: Development
info: Microsoft.Hosting.Lifetime[0]
      Content root path: C:\Users\rodne\Src\route4-movieplug
info: Microsoft.Hosting.Lifetime[0]
